{
  "0 debug pnpm:scope": {
    "selected": 1,
    "workspacePrefix": "/home/brian/work/ctx-core/ctx-core"
  },
  "1 error pnpm": {
    "code": "ELIFECYCLE",
    "errno": "ENOENT",
    "syscall": "spawn",
    "file": "sh",
    "pkgid": "@ctx-core/socicon@8.0.5",
    "stage": "build",
    "script": "pnpm compile",
    "pkgname": "@ctx-core/socicon",
    "err": {
      "name": "pnpm",
      "message": "@ctx-core/socicon@8.0.5 build: `pnpm compile`\nspawn ENOENT",
      "code": "ELIFECYCLE",
      "stack": "pnpm: @ctx-core/socicon@8.0.5 build: `pnpm compile`\nspawn ENOENT\n    at ChildProcess.<anonymous> (/home/brian/work/ctx-core/ctx-core/node_modules/.pnpm/pnpm@6.24.1/node_modules/pnpm/lib/pnpm.cjs:91776:22)\n    at ChildProcess.emit (node:events:390:28)\n    at maybeClose (node:internal/child_process:1064:16)\n    at Process.ChildProcess._handle.onexit (node:internal/child_process:301:5)"
    }
  },
  "2 warn pnpm:global": " Local package.json exists, but node_modules missing, did you mean to install?"
}
